<?xml version="1.0" encoding="UTF-8"?>
<!-- Generated by org.testng.reporters.JUnitReportReporter -->
<testsuite skipped="0" hostname="DESKTOP-2NVQF22" name="com.testngANT.classO3" tests="1" failures="0" timestamp="14 Dec 2019 16:17:19 GMT" time="0.078" errors="0">
  <testcase name="m3" time="0.078" classname="com.testngANT.classO3"/>
</testsuite> <!-- com.testngANT.classO3 -->
