<?xml version="1.0" encoding="UTF-8"?>
<!-- Generated by org.testng.reporters.JUnitReportReporter -->
<testsuite skipped="0" hostname="DESKTOP-2NVQF22" name="com.testngANT.classO4" tests="1" failures="0" timestamp="14 Dec 2019 16:17:19 GMT" time="0.076" errors="0">
  <testcase name="m4" time="0.076" classname="com.testngANT.classO4"/>
</testsuite> <!-- com.testngANT.classO4 -->
